    1  passwd
    2  wget    https://s3.amazonaws.com/amazon-reviews-pds/tsv/amazon_reviews_us_Books_v1_02.tsv.gz
    3  cd ~/Desktop
    4  cd ~/Users/pranav/Desktop
    5  cd ~/Desktop
    6  cd ~/ws1
    7  mkdir ws1
    8  cd ws1/
    9  git init
   10  touch pchillappagari.txt
   11  ls
   12  git status
   13  git add pchillappagari.txt
   14  git status
   15  git commit -m "This is my first commit!"
   16  git config -- global user.email "chillapranav@gmail.com"
   17  git commit -m 
   18  git commit -m "This is my first commit!"
   19  $ git --version
   20  git --version
   21  git config --global user.email "chillapranav@gmail.com"
   22  git commit -m "This is my first commit"
   23  git config user.email "chillapranav@gmail.com
"
   24  git commit -m "This is my first commit"
   25  git config user.email "chillapranav@gmail.com"
   26  git commit -m "This is my first commit"
   27  git config user.name "Pranav"
   28  git commit -m "This is my first commit"
   29  gitgit remote add origin https://github.com/pranav-chill/ws1.git
   30  git remote add origin https://github.com/pranav-chill/ws1.git
   31  git branch -M main
   32  git push -u origin main
   33  git remote add origin https://github.com/pranav-chill/ws1.git
   34  git branch -M main
   35  git push -u origin main
   36  git push origin my-new-branch
   37  git fetch origin
   38  git push origin my-new-branch
   39  git push origin main
   40  git push origin mynewbranch
   41  git push origin main
   42  git push -u origin master
   43  git pull origin main
   44  history
   45  history > cmds.log
